TazpitApp/app/build/intermediates/manifest_merge_blame_file/debug/manifest-merger-blame-debug-report.txt
1<?xml version="1.0" encoding="utf-8"?>
2<manifest xmlns:android="http://schemas.android.com/apk/res/android"
3    package="com.example.tazpitapp"
4    android:versionCode="1"
5    android:versionName="1.0" >
6
7    <uses-sdk
8        android:minSdkVersion="29"
8-->src\main\AndroidManifest.xml
9        android:targetSdkVersion="29" />
9-->src\main\AndroidManifest.xml
10
11    <application
11-->src\main\AndroidManifest.xml:5:5-35:19
12        android:allowBackup="true"
12-->src\main\AndroidManifest.xml:6:9-35
13        android:appComponentFactory="androidx.core.app.CoreComponentFactory"
13-->[androidx.core:core:1.1.0] AndroidManifest.xml:24:18-86
14        android:debuggable="true"
15        android:extractNativeLibs="false"
16        android:icon="@mipmap/ic_launcher"
16-->src\main\AndroidManifest.xml:7:9-43
17        android:label="@string/app_name"
17-->src\main\AndroidManifest.xml:8:9-41
18        android:roundIcon="@mipmap/ic_launcher_round"
18-->src\main\AndroidManifest.xml:9:9-54
19        android:supportsRtl="true"
19-->src\main\AndroidManifest.xml:10:9-35
20        android:testOnly="true"
21        android:theme="@style/Theme.TazpitApp" >
21-->src\main\AndroidManifest.xml:11:9-47
22        <activity
22-->src\main\AndroidManifest.xml:12:9-15:66
23            android:name="com.example.tazpitapp.SceneriosListActivity"
23-->src\main\AndroidManifest.xml:13:13-50
24            android:label="@string/title_scenerios_list"
24-->src\main\AndroidManifest.xml:14:13-57
25            android:theme="@style/Theme.TazpitApp.NoActionBar" />
25-->src\main\AndroidManifest.xml:15:13-63
26        <activity
26-->src\main\AndroidManifest.xml:16:9-24:20
27            android:name="com.example.tazpitapp.SceneriosDetailActivity"
27-->src\main\AndroidManifest.xml:17:13-52
28            android:label="@string/title_scenerios_detail"
28-->src\main\AndroidManifest.xml:18:13-59
29            android:parentActivityName="com.example.tazpitapp.SceneriosListActivity"
29-->src\main\AndroidManifest.xml:19:13-64
30            android:theme="@style/Theme.TazpitApp.NoActionBar" >
30-->src\main\AndroidManifest.xml:20:13-63
31            <meta-data
31-->src\main\AndroidManifest.xml:21:13-23:79
32                android:name="android.support.PARENT_ACTIVITY"
32-->src\main\AndroidManifest.xml:22:17-63
33                android:value="com.example.tazpitapp.SceneriosListActivity" />
33-->src\main\AndroidManifest.xml:23:17-76
34        </activity>
35        <activity
35-->src\main\AndroidManifest.xml:25:9-34:20
36            android:name="com.example.tazpitapp.register"
36-->src\main\AndroidManifest.xml:26:13-37
37            android:label="@string/app_name"
37-->src\main\AndroidManifest.xml:27:13-45
38            android:theme="@style/Theme.TazpitApp.NoActionBar" >
38-->src\main\AndroidManifest.xml:28:13-63
39            <intent-filter>
39-->src\main\AndroidManifest.xml:29:13-33:29
40                <action android:name="android.intent.action.MAIN" />
40-->src\main\AndroidManifest.xml:30:17-69
40-->src\main\AndroidManifest.xml:30:25-66
41
42                <category android:name="android.intent.category.LAUNCHER" />
42-->src\main\AndroidManifest.xml:32:17-77
42-->src\main\AndroidManifest.xml:32:27-74
43            </intent-filter>
44        </activity>
45    </application>
46
47</manifest>